============================================================
   Tang Dynasty, V6.0.122666
   Copyright (c) 2012-2024 Anlogic Inc.
   Executable = D:/UserApp/TD_6.0.2/bin/td.exe
   Built at =   09:21:25 Jun  5 2024
   Run by =     Administrator
   Run Date =   Wed Oct 23 21:40:49 2024

   Run on =     XSZ-20240623MQG
============================================================
RUN-001 : GUI based run...
RUN-1002 : start command "import_device ph1_90.db -package PH1A90SBG484 -basic"
RUN-1001 : Using default speed grade: 2
ARC-1001 : Device Initialization.
ARC-1001 : -----------------------------------------------------------
ARC-1001 :           OPTION          |        IO        |   SETTING   
ARC-1001 : -----------------------------------------------------------
ARC-1001 :   non_jtag_persist(none)  |      36 IOs      |    gpio    
ARC-1001 :            jtag           |  M7/K7/L6/K6/J6  |  dedicate  
ARC-1001 : -----------------------------------------------------------
RUN-1003 : finish command "import_device ph1_90.db -package PH1A90SBG484 -basic" in  6.600343s wall, 1.500000s user + 0.109375s system = 1.609375s CPU (24.4%)

RUN-1004 : used memory is 1400 MB, reserved memory is 1421 MB, peak memory is 1431 MB
RUN-1001 : Open license file D:/UserApp/TD_6.0.2/license/Anlogic.lic
ARC-1001 : Device Initialization.
ARC-1001 : -----------------------------------------------------------
ARC-1001 :           OPTION          |        IO        |   SETTING   
ARC-1001 : -----------------------------------------------------------
ARC-1001 :   non_jtag_persist(none)  |      36 IOs      |    gpio    
ARC-1001 :            jtag           |  M7/K7/L6/K6/J6  |  dedicate  
ARC-1001 : -----------------------------------------------------------
SYN-1012 : SanityCheck: Model "fifo_generator_0"
SYN-1011 : Flatten model fifo_generator_0
SYN-5011 WARNING: Undriven pin: model "fifo_generator_0" / inst "fifo_inst" in Comp_inst.v(38) / pin "ecc_dbiterrinj"
SYN-5011 WARNING: Undriven pin: model "fifo_generator_0" / inst "fifo_inst" in Comp_inst.v(38) / pin "ecc_sbiterrinj"
SYN-5011 WARNING: Undriven pin: model "fifo_generator_0" / inst "fifo_inst" in Comp_inst.v(38) / pin "ore"
SYN-5011 WARNING: Undriven pin: model "fifo_generator_0" / inst "fifo_inst" in Comp_inst.v(38) / pin "owe"
SYN-5025 WARNING: Using 0 for all undriven pins and nets
SYN-1032 : 45/1 useful/useless nets, 3/1 useful/useless insts
TMR-2505 : Start building timing graph for model fifo_generator_0.
TMR-2506 : Timing graph: tpin num: 87, tnet num: 43, tinst num: 1, tnode num: 87, tedge num: 44.
TMR-2508 : Levelizing timing graph completed, there are 1 levels in total.
TMR-2501 : Timing graph initialized successfully.
TMR-2505 : Start building timing graph for model fifo_generator_0.
TMR-2506 : Timing graph: tpin num: 87, tnet num: 43, tinst num: 1, tnode num: 87, tedge num: 44.
TMR-2508 : Levelizing timing graph completed, there are 1 levels in total.
TMR-2501 : Timing graph initialized successfully.
TMR-2504 : Update delay of 43 nets completely.
TMR-2502 : Annotated delay with mode Synthesized.
TMR-3002 : No user constraint, initiate default constraint.
TMR-1501 : Assign derive clock DeriveClock to 0 clock pins, and constraint 0 relative nodes.
TMR-3003 : Constraints initiated successfully.
TMR-3501 : Forward propagation: start to calculate arrival time...
TMR-3502 : Backward propagation: start to calculate required time...
TMR-3503 : Timing propagation completes.
SYN-1014 : Optimize round 1
SYN-1015 : Optimize round 1, 0 better
SYN-1014 : Optimize round 1
SYN-1015 : Optimize round 1, 0 better
SYN-2501 : Processed 0 LOGIC_BUF instances.
SYN-2541 : Write 1024x8, read 1024x8.
SYN-2571 : Optimize after map_dsp, round 1
SYN-2571 : Optimize after map_dsp, round 1, 0 better
SYN-2501 : Optimize round 1
SYN-2501 : Optimize round 1, 0 better
SYN-2501 : Optimize round 1
SYN-2501 : Optimize round 1, 0 better
SYN-1032 : 75/2 useful/useless nets, 3/2 useful/useless insts
GUI-2000 : The IP files have been created successfully :{PH1A90SBG484(D:/Desktop/anlogic/verimaker/ETHERENT_NEW/prj/al_ip/FIFO/Comp_inst.ipc)}
