============================================================
   Tang Dynasty, V6.0.122666
   Copyright (c) 2012-2024 Anlogic Inc.
   Executable = D:/UserApp/TD_6.0.2/bin/td_commands_prompt.exe
   Built at =   09:21:25 Jun  5 2024
   Run by =     Administrator
   Run Date =   Wed Oct 23 22:23:33 2024

   Run on =     XSZ-20240623MQG
============================================================
RUN-1001 : Start xmlipgen command
RUN-1002 : start command "analyze -file D:/Desktop/anlogic/verimaker/ETHERENT_NEW/prj/al_ip/CHIP_WATHER/ILA/ChipWatcher_4524b2acec17.sv"
RUN-1002 : start command "commit_param -step design"
RUN-1001 : Print Global Property
RUN-1001 : -----------------------------------------------------------
RUN-1001 :     Parameters    |  Settings  |  Default Values  |  Note  
RUN-1001 : -----------------------------------------------------------
RUN-1001 :    enable_seed    |    off     |       off        |        
RUN-1001 :      message      |  standard  |     standard     |        
RUN-1001 :    qor_monitor    |     on     |        on        |        
RUN-1001 :   speedup_effort  |     0      |        0         |        
RUN-1001 :    syn_ip_flow    |    off     |       off        |        
RUN-1001 :       thread      |    auto    |       auto       |        
RUN-1001 : -----------------------------------------------------------
RUN-1001 : Print Design Property
RUN-1001 : ----------------------------------------------------------------
RUN-1001 :       Parameters       |  Settings  |  Default Values  |  Note  
RUN-1001 : ----------------------------------------------------------------
RUN-1001 :   default_reg_initial  |    auto    |       auto       |        
RUN-1001 :    hdl_warning_level   |   normal   |      normal      |        
RUN-1001 : ----------------------------------------------------------------
HDL-1008 : devive name is not set, so there is no need to read *macro.v
HDL-1007 : analyze verilog file D:/Desktop/anlogic/verimaker/ETHERENT_NEW/prj/al_ip/CHIP_WATHER/ILA/ChipWatcher_4524b2acec17.sv
RUN-1002 : start command "write_hdl D:/Desktop/anlogic/verimaker/ETHERENT_NEW/prj/al_ip/CHIP_WATHER/ILA/ChipWatcher_4524b2acec17.sv"
RUN-1001 : Finish xmlipgen command
