============================================================
   Tang Dynasty, V6.0.122666
   Copyright (c) 2012-2024 Anlogic Inc.
   Executable = D:/UserApp/TD_6.0.2/bin/td.exe
   Built at =   09:21:25 Jun  5 2024
   Run by =     Administrator
   Run Date =   Wed Oct 23 21:50:11 2024

   Run on =     XSZ-20240623MQG
============================================================
RUN-001 : GUI based run...
RUN-1001 : Open license file D:/UserApp/TD_6.0.2/license/Anlogic.lic
RUN-1002 : start command "import_device ph1_90.db -package PH1A90SBG484 -basic"
RUN-1001 : Using default speed grade: 2
ARC-1001 : Device Initialization.
ARC-1001 : -----------------------------------------------------------
ARC-1001 :           OPTION          |        IO        |   SETTING   
ARC-1001 : -----------------------------------------------------------
ARC-1001 :   non_jtag_persist(none)  |      36 IOs      |    gpio    
ARC-1001 :            jtag           |  M7/K7/L6/K6/J6  |  dedicate  
ARC-1001 : -----------------------------------------------------------
RUN-1003 : finish command "import_device ph1_90.db -package PH1A90SBG484 -basic" in  6.578750s wall, 1.953125s user + 0.078125s system = 2.031250s CPU (30.9%)

RUN-1004 : used memory is 1404 MB, reserved memory is 1422 MB, peak memory is 1435 MB
RUN-1001 : Open license file D:/UserApp/TD_6.0.2/license/Anlogic.lic
ARC-1001 : Device Initialization.
ARC-1001 : -----------------------------------------------------------
ARC-1001 :           OPTION          |        IO        |   SETTING   
ARC-1001 : -----------------------------------------------------------
ARC-1001 :   non_jtag_persist(none)  |      36 IOs      |    gpio    
ARC-1001 :            jtag           |  M7/K7/L6/K6/J6  |  dedicate  
ARC-1001 : -----------------------------------------------------------
GUI-2000 : The IP files have been created successfully :{PH1A90SBG484(D:/Desktop/anlogic/verimaker/ETHERENT_NEW/prj/al_ip/SOFT_FIFO/Comp_inst.ipc)}
